<?xml version="1.0" encoding="UTF-8"?>
<testsuite xmlns:xsi="http://www.w3.org/2001/XMLSchema-instance" xsi:noNamespaceSchemaLocation="https://maven.apache.org/surefire/maven-surefire-plugin/xsd/surefire-test-report-3.0.xsd" version="3.0" name="ec.edu.epn.CalculatorTest" time="0.131" tests="7" errors="0" skipped="0" failures="0">
  <properties>
[...]
</properties>
  <testcase name="isEvenReturnsTrueForEvenNumber" classname="ec.edu.epn.CalculatorTest" time="0.041"/>
  <testcase name="subtractTwoNumbersReturnsCorrectDifference" classname="ec.edu.epn.CalculatorTest" time="0.004"/>
  <testcase name="divideByZeroThrowsIllegalArgumentException" classname="ec.edu.epn.CalculatorTest" time="0.011"/>
  <testcase name="addTwoPositiveNumbersReturnsCorrectSum" classname="ec.edu.epn.CalculatorTest" time="0.002"/>
  <testcase name="isEvenReturnsFalseForOddNumber" classname="ec.edu.epn.CalculatorTest" time="0.003"/>
  <testcase name="divideTwoNumbersReturnsCorrectQuotient" classname="ec.edu.epn.CalculatorTest" time="0.003"/>
  <testcase name="multiplyTwoNumbersReturnsCorrectProduct" classname="ec.edu.epn.CalculatorTest" time="0.001"/>
</testsuite>